app/build/intermediates/manifest_merge_blame_file/debug/manifest-merger-blame-debug-report.txt
1<?xml version="1.0" encoding="utf-8"?>
2<manifest xmlns:android="http://schemas.android.com/apk/res/android"
3    package="com.example.SafeNaari"
4    android:versionCode="1"
5    android:versionName="1.0" >
6
7    <uses-sdk
8        android:minSdkVersion="22"
8-->src/main/AndroidManifest.xml
9        android:targetSdkVersion="30" />
9-->src/main/AndroidManifest.xml
10
11    <uses-permission android:name="android.permission.READ_CONTACTS" />
11-->src/main/AndroidManifest.xml:5:5-72
11-->src/main/AndroidManifest.xml:5:22-69
12    <uses-permission android:name="android.permission.SEND_SMS" />
12-->src/main/AndroidManifest.xml:6:5-67
12-->src/main/AndroidManifest.xml:6:22-64
13    <uses-permission android:name="android.permission.CAMERA" />
13-->src/main/AndroidManifest.xml:7:5-65
13-->src/main/AndroidManifest.xml:7:22-62
14    <uses-permission android:name="android.permission.ACCESS_FINE_LOCATION" />
14-->src/main/AndroidManifest.xml:8:5-79
14-->src/main/AndroidManifest.xml:8:22-76
15    <uses-permission android:name="android.permission.ACCESS_COARSE_LOCATION" />
15-->src/main/AndroidManifest.xml:9:5-81
15-->src/main/AndroidManifest.xml:9:22-78
16    <uses-permission android:name="android.permission.INTERNET" />
16-->src/main/AndroidManifest.xml:10:5-67
16-->src/main/AndroidManifest.xml:10:22-64
17    <uses-permission android:name="android.permission.ACCESS_WIFI_STATE" />
17-->src/main/AndroidManifest.xml:11:5-76
17-->src/main/AndroidManifest.xml:11:22-73
18    <uses-permission android:name="android.permission.ACCESS_NETWORK_STATE" />
18-->src/main/AndroidManifest.xml:12:5-79
18-->src/main/AndroidManifest.xml:12:22-76
19    <uses-permission android:name="android.permission.VIBRATE" />
19-->src/main/AndroidManifest.xml:13:5-66
19-->src/main/AndroidManifest.xml:13:22-63
20    <uses-permission android:name="android.permission.CALL_PHONE" />
20-->src/main/AndroidManifest.xml:14:5-69
20-->src/main/AndroidManifest.xml:14:22-66
21
22    <uses-feature
22-->src/main/AndroidManifest.xml:16:5-18:36
23        android:name="android.hardware.microphone"
23-->src/main/AndroidManifest.xml:17:9-51
24        android:required="false" />
24-->src/main/AndroidManifest.xml:18:9-33
25    <uses-feature
25-->src/main/AndroidManifest.xml:19:5-21:36
26        android:name="android.hardware.telephony"
26-->src/main/AndroidManifest.xml:20:9-50
27        android:required="false" />
27-->src/main/AndroidManifest.xml:21:9-33
28    <uses-feature android:name="android.hardware.camera" />
28-->src/main/AndroidManifest.xml:22:5-60
28-->src/main/AndroidManifest.xml:22:19-57
29    <uses-feature
29-->src/main/AndroidManifest.xml:23:5-25:35
30        android:name="android.hardware.location"
30-->src/main/AndroidManifest.xml:24:9-49
31        android:required="true" />
31-->src/main/AndroidManifest.xml:25:9-32
32    <uses-feature
32-->src/main/AndroidManifest.xml:26:5-28:36
33        android:name="android.hardware.location.gps"
33-->src/main/AndroidManifest.xml:27:9-53
34        android:required="false" />
34-->src/main/AndroidManifest.xml:28:9-33
35
36    <application
36-->src/main/AndroidManifest.xml:30:5-106:19
37        android:allowBackup="true"
37-->src/main/AndroidManifest.xml:31:9-35
38        android:appComponentFactory="androidx.core.app.CoreComponentFactory"
38-->[androidx.core:core:1.3.1] AndroidManifest.xml:24:18-86
39        android:debuggable="true"
40        android:icon="@mipmap/one_plus"
40-->src/main/AndroidManifest.xml:32:9-40
41        android:label="Safe Naari"
41-->src/main/AndroidManifest.xml:33:9-35
42        android:theme="@style/AppTheme" >
42-->src/main/AndroidManifest.xml:34:9-40
43        <activity android:name="com.example.SafeNaari.FirstPage" />
43-->src/main/AndroidManifest.xml:35:9-56
43-->src/main/AndroidManifest.xml:35:19-44
44        <activity android:name="com.example.SafeNaari.Register" />
44-->src/main/AndroidManifest.xml:36:9-46
44-->src/main/AndroidManifest.xml:36:19-43
45        <activity android:name="com.example.SafeNaari.MainActivity" />
45-->src/main/AndroidManifest.xml:37:9-50
45-->src/main/AndroidManifest.xml:37:19-47
46        <activity android:name="com.example.SafeNaari.vwrg" />
46-->src/main/AndroidManifest.xml:38:9-42
46-->src/main/AndroidManifest.xml:38:19-39
47        <activity
47-->src/main/AndroidManifest.xml:39:9-47:20
48            android:name="com.example.SafeNaari.Splash"
48-->src/main/AndroidManifest.xml:40:13-35
49            android:screenOrientation="portrait" >
49-->src/main/AndroidManifest.xml:41:13-49
50            <intent-filter>
50-->src/main/AndroidManifest.xml:42:13-46:29
51                <action android:name="android.intent.action.MAIN" />
51-->src/main/AndroidManifest.xml:43:17-69
51-->src/main/AndroidManifest.xml:43:25-66
52
53                <category android:name="android.intent.category.LAUNCHER" />
53-->src/main/AndroidManifest.xml:45:17-77
53-->src/main/AndroidManifest.xml:45:27-74
54            </intent-filter>
55        </activity>
56        <activity
56-->src/main/AndroidManifest.xml:48:9-50:52
57            android:name="com.example.mayank.com.example.SafeNaari.MainActivity"
57-->src/main/AndroidManifest.xml:49:13-81
58            android:screenOrientation="portrait" />
58-->src/main/AndroidManifest.xml:50:13-49
59        <activity
59-->src/main/AndroidManifest.xml:51:9-53:52
60            android:name="com.example.mayank.com.example.SafeNaari.PeopleSecond"
60-->src/main/AndroidManifest.xml:52:13-81
61            android:screenOrientation="portrait" />
61-->src/main/AndroidManifest.xml:53:13-49
62
63        <receiver android:name="com.example.mayank.com.example.SafeNaari.VolumeChangeReceiver" >
63-->src/main/AndroidManifest.xml:55:9-59:20
63-->src/main/AndroidManifest.xml:55:19-95
64            <intent-filter>
64-->src/main/AndroidManifest.xml:56:13-58:29
65                <action android:name="android.media.VOLUME_CHANGED_ACTION" />
65-->src/main/AndroidManifest.xml:57:17-78
65-->src/main/AndroidManifest.xml:57:25-75
66            </intent-filter>
67        </receiver>
68
69        <activity
69-->src/main/AndroidManifest.xml:61:9-63:52
70            android:name="com.example.mayank.com.example.SafeNaari.People"
70-->src/main/AndroidManifest.xml:62:13-75
71            android:screenOrientation="portrait" />
71-->src/main/AndroidManifest.xml:63:13-49
72        <activity
72-->src/main/AndroidManifest.xml:64:9-66:52
73            android:name="com.example.mayank.com.example.SafeNaari.Help"
73-->src/main/AndroidManifest.xml:65:13-73
74            android:screenOrientation="portrait" />
74-->src/main/AndroidManifest.xml:66:13-49
75        <activity
75-->src/main/AndroidManifest.xml:67:9-71:59
76            android:name="com.example.mayank.com.example.SafeNaari.NavigationAlert"
76-->src/main/AndroidManifest.xml:68:13-84
77            android:label="@string/title_activity_navigation_alert"
77-->src/main/AndroidManifest.xml:69:13-68
78            android:screenOrientation="portrait"
78-->src/main/AndroidManifest.xml:70:13-49
79            android:theme="@style/AppTheme.NoActionBar" />
79-->src/main/AndroidManifest.xml:71:13-56
80        <!--
81             The API key for Google Maps-based APIs is defined as a string resource.
82             (See the file "res/values/google_maps_api.xml").
83             Note that the API key is linked to the encryption key used to sign the APK.
84             You need a different API key for each encryption key, including the release key that is used to
85             sign the APK for publishing.
86             You can define the keys for the debug and release targets in src/debug/ and src/release/.
87        -->
88        <meta-data
88-->src/main/AndroidManifest.xml:80:9-82:55
89            android:name="com.google.android.geo.API_KEY"
89-->src/main/AndroidManifest.xml:81:13-58
90            android:value="@string/google_maps_key" />
90-->src/main/AndroidManifest.xml:82:13-52
91
92        <activity
92-->src/main/AndroidManifest.xml:84:9-86:52
93            android:name="com.example.mayank.com.example.SafeNaari.NavigationComplaint"
93-->src/main/AndroidManifest.xml:85:13-88
94            android:screenOrientation="portrait" />
94-->src/main/AndroidManifest.xml:86:13-49
95        <activity
95-->src/main/AndroidManifest.xml:87:9-89:52
96            android:name="com.example.mayank.com.example.SafeNaari.TabBars"
96-->src/main/AndroidManifest.xml:88:13-76
97            android:screenOrientation="portrait" />
97-->src/main/AndroidManifest.xml:89:13-49
98        <activity
98-->src/main/AndroidManifest.xml:90:9-92:52
99            android:name="com.example.mayank.com.example.SafeNaari.AboutUs"
99-->src/main/AndroidManifest.xml:91:13-76
100            android:screenOrientation="portrait" />
100-->src/main/AndroidManifest.xml:92:13-49
101        <activity
101-->src/main/AndroidManifest.xml:93:9-95:52
102            android:name="com.example.mayank.com.example.SafeNaari.RecievedCall"
102-->src/main/AndroidManifest.xml:94:13-81
103            android:screenOrientation="portrait" />
103-->src/main/AndroidManifest.xml:95:13-49
104        <activity
104-->src/main/AndroidManifest.xml:96:9-98:52
105            android:name="com.example.mayank.com.example.SafeNaari.VoiceCallActivity"
105-->src/main/AndroidManifest.xml:97:13-86
106            android:screenOrientation="portrait" />
106-->src/main/AndroidManifest.xml:98:13-49
107
108        <receiver android:name="com.example.mayank.com.example.SafeNaari.MyBroadcastReceiver" />
108-->src/main/AndroidManifest.xml:100:9-97
108-->src/main/AndroidManifest.xml:100:19-94
109        <receiver android:name="com.example.mayank.com.example.SafeNaari.CallBReciever" >
109-->src/main/AndroidManifest.xml:101:9-105:20
109-->src/main/AndroidManifest.xml:101:19-88
110            <intent-filter>
110-->src/main/AndroidManifest.xml:102:13-104:29
111                <action android:name="call" />
111-->src/main/AndroidManifest.xml:103:17-47
111-->src/main/AndroidManifest.xml:103:25-44
112            </intent-filter>
113        </receiver>
114
115        <service
115-->[com.google.firebase:firebase-database:19.6.0] AndroidManifest.xml:29:9-35:19
116            android:name="com.google.firebase.components.ComponentDiscoveryService"
116-->[com.google.firebase:firebase-database:19.6.0] AndroidManifest.xml:30:13-84
117            android:directBootAware="true"
117-->[com.google.firebase:firebase-common:19.5.0] AndroidManifest.xml:35:13-43
118            android:exported="false" >
118-->[com.google.firebase:firebase-database:19.6.0] AndroidManifest.xml:31:13-37
119            <meta-data
119-->[com.google.firebase:firebase-database:19.6.0] AndroidManifest.xml:32:13-34:85
120                android:name="com.google.firebase.components:com.google.firebase.database.DatabaseRegistrar"
120-->[com.google.firebase:firebase-database:19.6.0] AndroidManifest.xml:33:17-109
121                android:value="com.google.firebase.components.ComponentRegistrar" />
121-->[com.google.firebase:firebase-database:19.6.0] AndroidManifest.xml:34:17-82
122            <meta-data
122-->[com.google.firebase:firebase-auth:20.0.2] AndroidManifest.xml:77:13-79:85
123                android:name="com.google.firebase.components:com.google.firebase.auth.FirebaseAuthRegistrar"
123-->[com.google.firebase:firebase-auth:20.0.2] AndroidManifest.xml:78:17-109
124                android:value="com.google.firebase.components.ComponentRegistrar" />
124-->[com.google.firebase:firebase-auth:20.0.2] AndroidManifest.xml:79:17-82
125            <!--
126                This registrar is not defined in the dynamic-module-support sdk itself to allow non-firebase
127                clients to use it as well, by defining this registrar in their own core/common library.
128            -->
129            <meta-data
129-->[com.google.firebase:firebase-common:19.5.0] AndroidManifest.xml:43:13-45:85
130                android:name="com.google.firebase.components:com.google.firebase.dynamicloading.DynamicLoadingRegistrar"
130-->[com.google.firebase:firebase-common:19.5.0] AndroidManifest.xml:44:17-121
131                android:value="com.google.firebase.components.ComponentRegistrar" />
131-->[com.google.firebase:firebase-common:19.5.0] AndroidManifest.xml:45:17-82
132        </service>
133
134        <activity
134-->[com.google.firebase:firebase-auth:20.0.2] AndroidManifest.xml:27:9-44:20
135            android:name="com.google.firebase.auth.internal.GenericIdpActivity"
135-->[com.google.firebase:firebase-auth:20.0.2] AndroidManifest.xml:28:13-80
136            android:excludeFromRecents="true"
136-->[com.google.firebase:firebase-auth:20.0.2] AndroidManifest.xml:29:13-46
137            android:exported="true"
137-->[com.google.firebase:firebase-auth:20.0.2] AndroidManifest.xml:30:13-36
138            android:launchMode="singleTask"
138-->[com.google.firebase:firebase-auth:20.0.2] AndroidManifest.xml:31:13-44
139            android:theme="@android:style/Theme.Translucent.NoTitleBar" >
139-->[com.google.firebase:firebase-auth:20.0.2] AndroidManifest.xml:32:13-72
140            <intent-filter>
140-->[com.google.firebase:firebase-auth:20.0.2] AndroidManifest.xml:33:13-43:29
141                <action android:name="android.intent.action.VIEW" />
141-->[com.google.firebase:firebase-auth:20.0.2] AndroidManifest.xml:34:17-69
141-->[com.google.firebase:firebase-auth:20.0.2] AndroidManifest.xml:34:25-66
142
143                <category android:name="android.intent.category.DEFAULT" />
143-->[com.google.firebase:firebase-auth:20.0.2] AndroidManifest.xml:36:17-76
143-->[com.google.firebase:firebase-auth:20.0.2] AndroidManifest.xml:36:27-73
144                <category android:name="android.intent.category.BROWSABLE" />
144-->[com.google.firebase:firebase-auth:20.0.2] AndroidManifest.xml:37:17-78
144-->[com.google.firebase:firebase-auth:20.0.2] AndroidManifest.xml:37:27-75
145
146                <data
146-->[com.google.firebase:firebase-auth:20.0.2] AndroidManifest.xml:39:17-42:51
147                    android:host="firebase.auth"
147-->[com.google.firebase:firebase-auth:20.0.2] AndroidManifest.xml:40:21-49
148                    android:path="/"
148-->[com.google.firebase:firebase-auth:20.0.2] AndroidManifest.xml:41:21-37
149                    android:scheme="genericidp" />
149-->[com.google.firebase:firebase-auth:20.0.2] AndroidManifest.xml:42:21-48
150            </intent-filter>
151        </activity>
152        <activity
152-->[com.google.firebase:firebase-auth:20.0.2] AndroidManifest.xml:45:9-62:20
153            android:name="com.google.firebase.auth.internal.RecaptchaActivity"
153-->[com.google.firebase:firebase-auth:20.0.2] AndroidManifest.xml:46:13-79
154            android:excludeFromRecents="true"
154-->[com.google.firebase:firebase-auth:20.0.2] AndroidManifest.xml:47:13-46
155            android:exported="true"
155-->[com.google.firebase:firebase-auth:20.0.2] AndroidManifest.xml:48:13-36
156            android:launchMode="singleTask"
156-->[com.google.firebase:firebase-auth:20.0.2] AndroidManifest.xml:49:13-44
157            android:theme="@android:style/Theme.Translucent.NoTitleBar" >
157-->[com.google.firebase:firebase-auth:20.0.2] AndroidManifest.xml:50:13-72
158            <intent-filter>
158-->[com.google.firebase:firebase-auth:20.0.2] AndroidManifest.xml:51:13-61:29
159                <action android:name="android.intent.action.VIEW" />
159-->[com.google.firebase:firebase-auth:20.0.2] AndroidManifest.xml:34:17-69
159-->[com.google.firebase:firebase-auth:20.0.2] AndroidManifest.xml:34:25-66
160
161                <category android:name="android.intent.category.DEFAULT" />
161-->[com.google.firebase:firebase-auth:20.0.2] AndroidManifest.xml:36:17-76
161-->[com.google.firebase:firebase-auth:20.0.2] AndroidManifest.xml:36:27-73
162                <category android:name="android.intent.category.BROWSABLE" />
162-->[com.google.firebase:firebase-auth:20.0.2] AndroidManifest.xml:37:17-78
162-->[com.google.firebase:firebase-auth:20.0.2] AndroidManifest.xml:37:27-75
163
164                <data
164-->[com.google.firebase:firebase-auth:20.0.2] AndroidManifest.xml:39:17-42:51
165                    android:host="firebase.auth"
165-->[com.google.firebase:firebase-auth:20.0.2] AndroidManifest.xml:40:21-49
166                    android:path="/"
166-->[com.google.firebase:firebase-auth:20.0.2] AndroidManifest.xml:41:21-37
167                    android:scheme="recaptcha" />
167-->[com.google.firebase:firebase-auth:20.0.2] AndroidManifest.xml:42:21-48
168            </intent-filter>
169        </activity>
170
171        <service
171-->[com.google.firebase:firebase-auth:20.0.2] AndroidManifest.xml:64:9-73:19
172            android:name="com.google.firebase.auth.api.fallback.service.FirebaseAuthFallbackService"
172-->[com.google.firebase:firebase-auth:20.0.2] AndroidManifest.xml:65:13-101
173            android:enabled="true"
173-->[com.google.firebase:firebase-auth:20.0.2] AndroidManifest.xml:66:13-35
174            android:exported="false" >
174-->[com.google.firebase:firebase-auth:20.0.2] AndroidManifest.xml:67:13-37
175            <intent-filter>
175-->[com.google.firebase:firebase-auth:20.0.2] AndroidManifest.xml:68:13-72:29
176                <action android:name="com.google.firebase.auth.api.gms.service.START" />
176-->[com.google.firebase:firebase-auth:20.0.2] AndroidManifest.xml:69:17-89
176-->[com.google.firebase:firebase-auth:20.0.2] AndroidManifest.xml:69:25-86
177
178                <category android:name="android.intent.category.DEFAULT" />
178-->[com.google.firebase:firebase-auth:20.0.2] AndroidManifest.xml:36:17-76
178-->[com.google.firebase:firebase-auth:20.0.2] AndroidManifest.xml:36:27-73
179            </intent-filter>
180        </service>
181
182        <provider
182-->[com.google.firebase:firebase-common:19.5.0] AndroidManifest.xml:26:9-31:39
183            android:name="com.google.firebase.provider.FirebaseInitProvider"
183-->[com.google.firebase:firebase-common:19.5.0] AndroidManifest.xml:27:13-77
184            android:authorities="com.example.SafeNaari.firebaseinitprovider"
184-->[com.google.firebase:firebase-common:19.5.0] AndroidManifest.xml:28:13-72
185            android:directBootAware="true"
185-->[com.google.firebase:firebase-common:19.5.0] AndroidManifest.xml:29:13-43
186            android:exported="false"
186-->[com.google.firebase:firebase-common:19.5.0] AndroidManifest.xml:30:13-37
187            android:initOrder="100" />
187-->[com.google.firebase:firebase-common:19.5.0] AndroidManifest.xml:31:13-36
188
189        <activity
189-->[com.google.android.gms:play-services-base:17.1.0] AndroidManifest.xml:23:9-26:75
190            android:name="com.google.android.gms.common.api.GoogleApiActivity"
190-->[com.google.android.gms:play-services-base:17.1.0] AndroidManifest.xml:24:13-79
191            android:exported="false"
191-->[com.google.android.gms:play-services-base:17.1.0] AndroidManifest.xml:25:13-37
192            android:theme="@android:style/Theme.Translucent.NoTitleBar" />
192-->[com.google.android.gms:play-services-base:17.1.0] AndroidManifest.xml:26:13-72
193
194        <meta-data
194-->[com.google.android.gms:play-services-basement:17.1.0] AndroidManifest.xml:23:9-25:69
195            android:name="com.google.android.gms.version"
195-->[com.google.android.gms:play-services-basement:17.1.0] AndroidManifest.xml:24:13-58
196            android:value="@integer/google_play_services_version" />
196-->[com.google.android.gms:play-services-basement:17.1.0] AndroidManifest.xml:25:13-66
197    </application>
198
199</manifest>